commit 1fbe30bd252c3a1296cac77e01acb18fb0a889ac
Author: data builder <bot@code4japan.org>
Date:   Thu Aug 20 20:33:33 2020

    update data

commit 332bf4faad370d4875b3dfba671f4d9d820974be
Author: data builder <bot@code4japan.org>
Date:   Thu Aug 20 20:21:23 2020

    update data

commit b36cbf5be2c72ea27fc94d961b8cee701e6fae12
Author: data builder <bot@code4japan.org>
Date:   Wed Aug 19 19:48:31 2020

    update data

commit a7b737de7d9f89c0761d80ab7cdd368f653d2c21
Author: data builder <bot@code4japan.org>
Date:   Tue Aug 18 20:48:38 2020

    update data

commit db009d0a49a6b5a4ecae5fe3bd2de0f4841d06f0
Author: data builder <bot@code4japan.org>
Date:   Mon Aug 17 19:48:36 2020

    update data

commit 804a986fc6b2845e02f7bd7dc17813dabe140304
Author: data builder <bot@code4japan.org>
Date:   Sun Aug 16 20:33:40 2020

    update data

commit 7e059393d14bcc63a807a58923e9ec68009d162a
Author: data builder <bot@code4japan.org>
Date:   Sat Aug 15 20:20:43 2020

    update data

commit d629712979135adcbc29cd93e7135f24a0da7109
Author: data builder <bot@code4japan.org>
Date:   Sat Aug 15 20:05:56 2020

    update data

commit 65263cd70904156aeb2da68574bca5951ca844b3
Author: data builder <bot@code4japan.org>
Date:   Fri Aug 14 20:25:34 2020

    update data

commit 8c3e6db495a7b7ded26d4385023c751084502426
Author: data builder <bot@code4japan.org>
Date:   Thu Aug 13 19:48:05 2020

    update data

commit cf202b4f1a2ed2cf974ecf455f0a4fa47be60987
Author: data builder <bot@code4japan.org>
Date:   Wed Aug 12 20:05:28 2020

    update data

commit 2aec45b215931802c1245dbde1f4448b3a347959
Author: data builder <bot@code4japan.org>
Date:   Tue Aug 11 22:19:58 2020

    update data

commit ce3546a286f147042dfa511119d1f0d46c4d5d54
Author: data builder <bot@code4japan.org>
Date:   Mon Aug 10 21:06:18 2020

    update data

commit ac9fcb1fca161bfbfd75f8294b7f003e2543801c
Author: data builder <bot@code4japan.org>
Date:   Sun Aug 9 20:06:24 2020

    update data

commit 68d8dbf1fe5fc99d9341f772a8c5079af827ee98
Author: data builder <bot@code4japan.org>
Date:   Sat Aug 8 21:25:19 2020

    update data

commit 0e5597fe12730a37f62d3ea951213cd5ec1afd7d
Author: data builder <bot@code4japan.org>
Date:   Fri Aug 7 20:48:04 2020

    update data

commit e3614fbddc86629299d1fded584c400bfe84b057
Author: data builder <bot@code4japan.org>
Date:   Thu Aug 6 20:33:24 2020

    update data

commit 2a47b72c4d79c038d91c40cfc1fb95ee4d33edb0
Author: data builder <bot@code4japan.org>
Date:   Wed Aug 5 20:47:43 2020

    update data

commit 177713c74a241e561f8f08202ce1509a1c48c261
Author: data builder <bot@code4japan.org>
Date:   Tue Aug 4 21:24:44 2020

    update data

commit 6518ad038cda8c0d82c08ca4f9fe0ba7a0c37e64
Author: data builder <bot@code4japan.org>
Date:   Tue Aug 4 09:47:40 2020

    update data

commit 5c0c08715456b7e3eab52935c6d2f345822702fc
Author: data builder <bot@code4japan.org>
Date:   Sun Aug 2 21:23:58 2020

    update data

commit be89c88bac5efab59299fb0457d6daa90d1ad712
Author: data builder <bot@code4japan.org>
Date:   Sat Aug 1 23:47:40 2020

    update data

commit 01c69578edd8cf6d7e38e2f7620f2c73c1117d51
Author: data builder <bot@code4japan.org>
Date:   Fri Jul 31 21:26:15 2020

    update data

commit be5d1535377289c184e5a2ed2f53489d4f53c575
Author: data builder <bot@code4japan.org>
Date:   Thu Jul 30 22:17:58 2020

    update data

commit 41fe9b2d35b6a66f2607c3631a1af6e4ab24dda3
Author: data builder <bot@code4japan.org>
Date:   Wed Jul 29 21:23:30 2020

    update data

commit 855b2289010305f6a08da9bc9dd73d8baae145e0
Author: data builder <bot@code4japan.org>
Date:   Wed Jul 29 09:44:26 2020

    update data

commit fea3bd3bac7d804f5b602ea6e98b26216089a931
Author: data builder <bot@code4japan.org>
Date:   Tue Jul 28 21:32:45 2020

    update data

commit 5d812aacf74bfbbfcc2ff9124e0bb3f9be4e71f9
Author: data builder <bot@code4japan.org>
Date:   Mon Jul 27 20:32:45 2020

    update data

commit a3fb0caf4bbd7eda9459650fc3d6232895948ca7
Author: data builder <bot@code4japan.org>
Date:   Sun Jul 26 20:04:32 2020

    update data

commit 879e3442c16b589efaff4a1078bbd88d6f3f3b8e
Author: data builder <bot@code4japan.org>
Date:   Sat Jul 25 20:32:53 2020

    update data

commit a19251281bce5893af5ca466ca547664aad89780
Author: data builder <bot@code4japan.org>
Date:   Fri Jul 24 20:17:33 2020

    update data

commit 22da0f3b8d4db3fbf8c5edd69d93cdd03bb1c3d3
Author: data builder <bot@code4japan.org>
Date:   Thu Jul 23 20:33:29 2020

    update data

commit a0f8a267d9f6a38c2fac375727f25b80619bc7fd
Author: data builder <bot@code4japan.org>
Date:   Wed Jul 22 20:32:54 2020

    update data

commit 275a139d8426cc6febadc22810487622589f2cff
Author: data builder <bot@code4japan.org>
Date:   Tue Jul 21 20:33:13 2020

    update data

commit 9da3a83573d5273d2ba383046f863372a0cacb08
Author: data builder <bot@code4japan.org>
Date:   Mon Jul 20 20:47:48 2020

    update data

commit 1ad9f4e2bb94ef6c0bee402d675f2683ebaae161
Author: data builder <bot@code4japan.org>
Date:   Sun Jul 19 21:05:29 2020

    update data

commit 35162d0845290c0fdf234afb04f7613cb6c8422e
Author: data builder <bot@code4japan.org>
Date:   Sat Jul 18 20:47:53 2020

    update data

commit 8594660dd748ddaca0d1e30502040962a3cae1ab
Author: data builder <bot@code4japan.org>
Date:   Fri Jul 17 20:04:23 2020

    update data

commit 5554945fc44959f18a0c0fa30acff2447a67f3bf
Author: data builder <bot@code4japan.org>
Date:   Thu Jul 16 20:03:57 2020

    update data

commit 0e08d20c587d5b08f9d383623550a4cfe9fc7af3
Author: data builder <bot@code4japan.org>
Date:   Wed Jul 15 20:32:52 2020

    update data

commit ddbf125534cdada9e0414df2c67e9c5ee879fd72
Author: data builder <bot@code4japan.org>
Date:   Tue Jul 14 19:17:45 2020

    update data

commit 91255592d01a8080dcff334bfb041ced662114a5
Author: data builder <bot@code4japan.org>
Date:   Mon Jul 13 20:48:11 2020

    update data

commit a7a7d40da4ca91287dd67b33688e1fdfff849902
Author: data builder <bot@code4japan.org>
Date:   Sun Jul 12 20:17:59 2020

    update data

commit 0c022fe0c3a9954d5e0b3b3e28d6231561659032
Author: data builder <bot@code4japan.org>
Date:   Sat Jul 11 19:33:07 2020

    update data

commit 739a8dcbfde263b1c90cd7845c582538d9a26be8
Author: data builder <bot@code4japan.org>
Date:   Fri Jul 10 19:33:06 2020

    update data

commit b4db813051590f72378e8b8fa8a4e6babb2c58eb
Author: data builder <bot@code4japan.org>
Date:   Thu Jul 9 19:33:48 2020

    update data

commit 7665f635a56e632d1f31df963686359214d23a70
Author: data builder <bot@code4japan.org>
Date:   Wed Jul 8 18:33:12 2020

    update data

commit bac01e39e14a9fe768b025dc845d6d891cbd24d9
Author: data builder <bot@code4japan.org>
Date:   Tue Jul 7 19:04:29 2020

    update data

commit 8f618515a5d0455cdc2c17f7fa28c1a196ff9507
Author: data builder <bot@code4japan.org>
Date:   Mon Jul 6 19:04:25 2020

    update data

commit 5fb5b81b08abc6f244fd26e52d101b1e1a4d7e53
Author: data builder <bot@code4japan.org>
Date:   Sun Jul 5 18:47:55 2020

    update data

commit 200ecfdea73c626bfe9d747e75cfb76f84cf3aef
Author: data builder <bot@code4japan.org>
Date:   Sat Jul 4 20:04:09 2020

    update data

commit 44b0b30d3c85444c150fff51c43ad405cf6e7a3a
Author: data builder <bot@code4japan.org>
Date:   Fri Jul 3 18:48:06 2020

    update data

commit d53ebe6b515fe90745078139004947cc6915f4b6
Author: data builder <bot@code4japan.org>
Date:   Thu Jul 2 20:05:16 2020

    update data

commit a2236fde4c9c139735980f71e15ba0bda8d893e5
Author: data builder <bot@code4japan.org>
Date:   Wed Jul 1 18:04:27 2020

    update data

commit 0228d91312ee4262542a776bb35230db27b948d2
Author: data builder <bot@code4japan.org>
Date:   Tue Jun 30 18:03:50 2020

    update data

commit 6d8eb29e2d127c6906c4daac65db1e42d79d6aa6
Author: data builder <bot@code4japan.org>
Date:   Mon Jun 29 18:48:08 2020

    update data

commit 6ab7f333f9ce91c470b3ca0a45f4103c026eafff
Author: data builder <bot@code4japan.org>
Date:   Sun Jun 28 18:47:22 2020

    update data

commit 0428030d339a394e5022441d0e20502d26464b15
Author: data builder <bot@code4japan.org>
Date:   Sat Jun 27 19:03:33 2020

    update data

commit eaebbb359a0d2c101f3b598fc5c68952c390c984
Author: data builder <bot@code4japan.org>
Date:   Fri Jun 26 18:18:02 2020

    update data

commit a1c0f79858e663bfb91880a0bc9884c0dffc7e54
Author: data builder <bot@code4japan.org>
Date:   Thu Jun 25 19:04:18 2020

    update data

commit f5a29d866fbf53a70c29b12718ff1149077a1ea1
Author: data builder <bot@code4japan.org>
Date:   Wed Jun 24 20:17:51 2020

    update data

commit 5a5ac314535599330808361436b1ee4d1202c415
Author: data builder <bot@code4japan.org>
Date:   Tue Jun 23 18:17:34 2020

    update data

commit bfae3668ef0a89e4b5bde127a44a3806d189c23d
Author: data builder <bot@code4japan.org>
Date:   Mon Jun 22 19:18:29 2020

    update data

commit b437d97c8b8cdb90c8df16cc911ba5140924b269
Author: data builder <bot@code4japan.org>
Date:   Sun Jun 21 18:03:52 2020

    update data

commit beb5ebbdbd913a3dc6afa1534219c703aba62837
Author: data builder <bot@code4japan.org>
Date:   Sat Jun 20 19:17:45 2020

    update data

commit 4f335df721bf09c36f050a10c4b425358eb34e4c
Author: data builder <bot@code4japan.org>
Date:   Fri Jun 19 19:03:48 2020

    update data

commit 5c94b1506340b59bccdece5655c4ef00784c87e8
Author: data builder <bot@code4japan.org>
Date:   Thu Jun 18 18:04:15 2020

    update data

commit 924184b332945a0a9b0f048e27613ceae71cf8db
Author: data builder <bot@code4japan.org>
Date:   Wed Jun 17 18:04:14 2020

    update data

commit 01aab30485aee88d124391520b1a8067f89df44a
Author: data builder <bot@code4japan.org>
Date:   Tue Jun 16 18:03:45 2020

    update data

commit 45cbae147d8fd385241925631a0710012b9fcfc7
Author: data builder <bot@code4japan.org>
Date:   Mon Jun 15 20:18:05 2020

    update data

commit 4bd3942afd103a7c414a1f26c04acc10cdceed89
Author: data builder <bot@code4japan.org>
Date:   Mon Jun 15 20:03:51 2020

    update data

commit 0bbfb780772af360e103adfdb066bb0dea8c7d7f
Author: data builder <bot@code4japan.org>
Date:   Sun Jun 14 19:18:02 2020

    update data

commit b05d8aa99fd69dfb058c23779245f4f11023c669
Author: data builder <bot@code4japan.org>
Date:   Sat Jun 13 19:32:37 2020

    update data

commit cefe687843dd74ac6944f9100f8345d736cc4c74
Author: data builder <bot@code4japan.org>
Date:   Fri Jun 12 19:03:29 2020

    update data

commit b076f95fe72dd6d632cd12c3f977c23cca8879a2
Author: data builder <bot@code4japan.org>
Date:   Thu Jun 11 20:32:30 2020

    update data

commit 755a7129e97bbf5d97b6f94de20469419ad7e586
Author: data builder <bot@code4japan.org>
Date:   Wed Jun 10 18:47:52 2020

    update data

commit cf7026b7f1681b7ab3731d7a867c70f25c6d0955
Author: data builder <bot@code4japan.org>
Date:   Tue Jun 9 19:32:33 2020

    update data

commit 40cecc7c7e9beefe22da30e6e471743a7e7e2bbe
Author: data builder <bot@code4japan.org>
Date:   Mon Jun 8 19:32:51 2020

    update data

commit f72059b0a587350ca35b7e4aaae9353a75f71587
Author: data builder <bot@code4japan.org>
Date:   Sun Jun 7 19:47:23 2020

    update data

commit d345ce68ffa1f91586d72a21d9e12f2a5f66c0c0
Author: data builder <bot@code4japan.org>
Date:   Sat Jun 6 18:33:04 2020

    update data

commit bc333053fd4ee1d2f782fe581afaebaf74277849
Author: data builder <bot@code4japan.org>
Date:   Fri Jun 5 19:03:40 2020

    update data

commit 71aec21a69495f3d509787ff9e20cce509e32b5d
Author: data builder <bot@code4japan.org>
Date:   Thu Jun 4 19:03:53 2020

    update data

commit c4aa40e4ade4f344c591b52e853caeea73953f84
Author: data builder <bot@code4japan.org>
Date:   Wed Jun 3 18:18:59 2020

    update data

commit 30693d715490b60de4c330a0dd1a4f15ab8e5521
Author: data builder <bot@code4japan.org>
Date:   Wed Jun 3 18:04:00 2020

    update data

commit 5e92fedcf32167b9ee72f75d08396443d71f6fb5
Author: data builder <bot@code4japan.org>
Date:   Tue Jun 2 20:03:29 2020

    update data

commit 1d9ff104ccbabf162670fac6b15ac85ca381cdb2
Author: data builder <bot@code4japan.org>
Date:   Mon Jun 1 20:17:14 2020

    update data

commit 82d61ff8911709cf9b0c49dc981fd2cf4a955925
Author: data builder <bot@code4japan.org>
Date:   Sun May 31 19:17:27 2020

    update data

commit 08a229a7985c07dc45cd7e9802e032d70da3fe9b
Author: github-actions[bot] <41898282+github-actions[bot]@users.noreply.github.com>
Date:   Sat May 30 19:34:41 2020

    BOT; UPDATE DATA (#4639)
    
    Co-authored-by: github-actions[bot] <41898282+github-actions[bot]@users.noreply.github.com>

commit 9fdc2180391b6ce0bbe703154db32d76c60b8bcf
Author: github-actions[bot] <41898282+github-actions[bot]@users.noreply.github.com>
Date:   Fri May 29 19:06:02 2020

    BOT; UPDATE DATA (#4620)
    
    Co-authored-by: github-actions[bot] <41898282+github-actions[bot]@users.noreply.github.com>

commit 5bb55cf494398a2b67ab15c95d6efc0d77cd2a25
Author: github-actions[bot] <41898282+github-actions[bot]@users.noreply.github.com>
Date:   Thu May 28 19:19:17 2020

    BOT; UPDATE DATA

commit 9240030c0d63c988ecf810467dfd0b0d0860b42c
Author: github-actions[bot] <41898282+github-actions[bot]@users.noreply.github.com>
Date:   Wed May 27 19:19:17 2020

    BOT; UPDATE DATA (#4550)
    
    Co-authored-by: github-actions[bot] <41898282+github-actions[bot]@users.noreply.github.com>

commit cd48ffa55b9419fe48c0f75dbcf64799211fd9b6
Author: github-actions[bot] <41898282+github-actions[bot]@users.noreply.github.com>
Date:   Tue May 26 20:06:58 2020

    BOT; UPDATE DATA (#4527)
    
    Co-authored-by: github-actions[bot] <41898282+github-actions[bot]@users.noreply.github.com>

commit e6263124a9782c091fbd2c18a2b7d7bae683084b
Author: github-actions[bot] <41898282+github-actions[bot]@users.noreply.github.com>
Date:   Mon May 25 23:19:21 2020

    BOT; UPDATE DATA (#4496)
    
    Co-authored-by: github-actions[bot] <41898282+github-actions[bot]@users.noreply.github.com>

commit 6d7036fd26e21c476cd2a61b27bf9308a17ab9e8
Author: github-actions[bot] <41898282+github-actions[bot]@users.noreply.github.com>
Date:   Mon May 25 11:49:15 2020

    BOT; UPDATE DATA (#4482)
    
    Co-authored-by: github-actions[bot] <41898282+github-actions[bot]@users.noreply.github.com>

commit 62e9aa9c34970c3b4e045cccda0d11f29deaa813
Author: github-actions[bot] <41898282+github-actions[bot]@users.noreply.github.com>
Date:   Sun May 24 21:34:30 2020

    BOT; UPDATE DATA (#4464)
    
    Co-authored-by: github-actions[bot] <41898282+github-actions[bot]@users.noreply.github.com>

commit c8ad68321232c2553ce6d9e081c64be9d5caad3b
Author: github-actions[bot] <41898282+github-actions[bot]@users.noreply.github.com>
Date:   Sat May 23 19:06:36 2020

    BOT; UPDATE DATA (#4433)
    
    Co-authored-by: github-actions[bot] <41898282+github-actions[bot]@users.noreply.github.com>

commit e385aef8e2f79574579dce4a188f5b286540cb64
Author: github-actions[bot] <41898282+github-actions[bot]@users.noreply.github.com>
Date:   Sat May 23 18:48:51 2020

    BOT; UPDATE DATA (#4431)
    
    Co-authored-by: github-actions[bot] <41898282+github-actions[bot]@users.noreply.github.com>

commit 07513d12828f97c54306c9ceb354a91ed863fbcf
Author: github-actions[bot] <41898282+github-actions[bot]@users.noreply.github.com>
Date:   Fri May 22 20:04:52 2020

    BOT; UPDATE DATA (#4415)
    
    Co-authored-by: github-actions[bot] <41898282+github-actions[bot]@users.noreply.github.com>

commit 471c36ff0a58221384a8dc8e1d499a4bf4f2720f
Author: github-actions[bot] <41898282+github-actions[bot]@users.noreply.github.com>
Date:   Thu May 21 21:49:56 2020

    BOT; UPDATE DATA (#4359)
    
    Co-authored-by: github-actions[bot] <41898282+github-actions[bot]@users.noreply.github.com>

commit 528bbeaf54aee016a69b21a4c2a17afbc233cbe1
Author: github-actions[bot] <41898282+github-actions[bot]@users.noreply.github.com>
Date:   Wed May 20 22:01:03 2020

    BOT; UPDATE DATA (#4322)
    
    Co-authored-by: github-actions[bot] <41898282+github-actions[bot]@users.noreply.github.com>

commit 13256b4db988f2bbaa1f12dc322f96c6b38eba44
Author: github-actions[bot] <41898282+github-actions[bot]@users.noreply.github.com>
Date:   Wed May 20 15:05:00 2020

    BOT; UPDATE DATA (#4310)
    
    Co-authored-by: github-actions[bot] <41898282+github-actions[bot]@users.noreply.github.com>

commit fc707228ce22ef2c22e9e8a44c4b472741f9ee53
Author: github-actions[bot] <41898282+github-actions[bot]@users.noreply.github.com>
Date:   Wed May 20 14:50:09 2020

    BOT; UPDATE DATA (#4308)
    
    Co-authored-by: github-actions[bot] <41898282+github-actions[bot]@users.noreply.github.com>

commit 9a0aa83a2f8ee86ab70175d359767e61548f430d
Author: github-actions[bot] <41898282+github-actions[bot]@users.noreply.github.com>
Date:   Tue May 19 19:18:53 2020

    BOT; UPDATE DATA (#4277)
    
    Co-authored-by: github-actions[bot] <41898282+github-actions[bot]@users.noreply.github.com>

commit c703b54ab7f1e5711e94b49cba76cc3d879aa935
Author: github-actions[bot] <41898282+github-actions[bot]@users.noreply.github.com>
Date:   Mon May 18 20:49:11 2020

    BOT; UPDATE DATA (#4261)
    
    Co-authored-by: github-actions[bot] <41898282+github-actions[bot]@users.noreply.github.com>

commit 953d89ce3486c9a89f6548956d3335f1bc275d97
Author: github-actions[bot] <41898282+github-actions[bot]@users.noreply.github.com>
Date:   Mon May 18 14:34:26 2020

    BOT; UPDATE DATA (#4247)
    
    Co-authored-by: github-actions[bot] <41898282+github-actions[bot]@users.noreply.github.com>

commit afd7c7e85128e4ea7d74a63569b65843977e1224
Author: github-actions[bot] <41898282+github-actions[bot]@users.noreply.github.com>
Date:   Sun May 17 19:04:41 2020

    BOT; UPDATE DATA (#4214)
    
    Co-authored-by: github-actions[bot] <41898282+github-actions[bot]@users.noreply.github.com>

commit b464a22f53cf1d70e5728f5f78ac2e7b1a24fb50
Author: github-actions[bot] <41898282+github-actions[bot]@users.noreply.github.com>
Date:   Sat May 16 19:19:26 2020

    BOT; UPDATE DATA (#4203)
    
    Co-authored-by: github-actions[bot] <41898282+github-actions[bot]@users.noreply.github.com>

commit a52491f65a363de9eb6f0c43e95e26671861bf29
Author: github-actions[bot] <41898282+github-actions[bot]@users.noreply.github.com>
Date:   Fri May 15 20:18:53 2020

    BOT; UPDATE DATA (#4189)
    
    Co-authored-by: github-actions[bot] <41898282+github-actions[bot]@users.noreply.github.com>

commit 263f2e0fc8b00b5348c964ca8c3bd4a429005cee
Author: github-actions[bot] <41898282+github-actions[bot]@users.noreply.github.com>
Date:   Thu May 14 20:06:00 2020

    BOT; UPDATE DATA (#4166)
    
    Co-authored-by: github-actions[bot] <41898282+github-actions[bot]@users.noreply.github.com>

commit 06cee0ebb994b8faf975de78353640fd992f5fd1
Author: github-actions[bot] <41898282+github-actions[bot]@users.noreply.github.com>
Date:   Wed May 13 20:33:36 2020

    BOT; UPDATE DATA (#4149)
    
    Co-authored-by: github-actions[bot] <41898282+github-actions[bot]@users.noreply.github.com>

commit 9d0525ef2b71cd696e067fc62b78c4f36d59b2f9
Author: github-actions[bot] <41898282+github-actions[bot]@users.noreply.github.com>
Date:   Wed May 13 12:05:30 2020

    BOT; UPDATE DATA (#4130)
    
    Co-authored-by: github-actions[bot] <41898282+github-actions[bot]@users.noreply.github.com>

commit 4475846fd3fa81dc585b5383c4a9982439845648
Author: Souta Ito <soutaito@info-lounge.jp>
Date:   Sun May 10 11:36:13 2020

    Update data

commit 5d747ad05297eb4a40f62775fd4e3f9afb9f2e48
Author: Souta Ito <soutaito@info-lounge.jp>
Date:   Sat May 9 18:41:08 2020

    Update data

commit ea10affd13604146bbde262b79362bcc12e6523f
Author: Souta Ito <soutaito@info-lounge.jp>
Date:   Sat May 9 11:23:07 2020

    陽性率データと判明日別陽性者数データを追加
